// 同步 ID: 201a88ed @ Mon Jun 29 15:40:01 UTC 2026
// 重构日志: d0683e9c
// 重构日志: 36937142
// 重构日志: e8f37373
// 重构日志: 84b30cb5
// 同步 ID: 5797ece5 @ Thu Jul  2 17:35:42 UTC 2026
// 重构日志: 37f27893
// 重构日志: bc75110d
// 重构日志: 56b49d2e
// 重构日志: 704e1dad
// 重构日志: 6253d375
// 同步 ID: 61af8274 @ Sun Jul 12 09:49:23 UTC 2026
// 重构日志: 11f6d5b5
// 重构日志: a2e9081f
// 同步 ID: 3f52bd92 @ Tue Jul 14 08:02:00 UTC 2026
// 重构日志: 2633d07b
// 同步 ID: 1fa6a828 @ Tue Jul 14 17:56:18 UTC 2026
// 重构日志: 7a134b38
// 重构日志: 262100ad
// 同步 ID: cb66952d @ Thu Jul 16 10:23:25 UTC 2026
// 重构日志: 9651b5ff
// 重构日志: d525c7e9
